Warning: NLS unused message: QTEST in: com.kms.katalon.constants.globalMessages
Warning: NLS missing message: QTEST_NAME in: com.kms.katalon.constants.globalMessages
2025-08-03 19:40:20.530 INFO  c.k.katalon.core.main.TestSuiteExecutor  - START Test Suites/Login
2025-08-03 19:40:20.664 INFO  c.k.katalon.core.main.TestSuiteExecutor  - userFullName = Syfani Alya Fauziyyah
2025-08-03 19:40:20.667 INFO  c.k.katalon.core.main.TestSuiteExecutor  - projectName = API Azure
2025-08-03 19:40:20.669 INFO  c.k.katalon.core.main.TestSuiteExecutor  - hostName = syfan - Syfani_Alya
2025-08-03 19:40:20.671 INFO  c.k.katalon.core.main.TestSuiteExecutor  - os = Windows 11 64bit
2025-08-03 19:40:20.673 INFO  c.k.katalon.core.main.TestSuiteExecutor  - hostAddress = 192.168.83.217
2025-08-03 19:40:20.674 INFO  c.k.katalon.core.main.TestSuiteExecutor  - katalonVersion = 10.2.3.0
2025-08-03 19:40:21.228 INFO  c.k.katalon.core.main.TestCaseExecutor   - --------------------
2025-08-03 19:40:21.228 INFO  c.k.katalon.core.main.TestCaseExecutor   - START Test Cases/POS_Login
2025-08-03 19:40:21.640 DEBUG testcase.POS_Login                       - 1: response = sendRequest(findTestObject("Login/POST_Login_user"))
2025-08-03 19:40:23.269 INFO  c.k.k.core.webservice.common.HarLogger   - HAR: C:\Users\syfan\Katalon Studio\API Azure\Reports\20250803_194000\Login\20250803_194003\requests\main\POST_Login_user_0.har
2025-08-03 19:40:23.335 DEBUG testcase.POS_Login                       - 2: verifyResponseStatusCode(response, 200)
2025-08-03 19:40:23.360 INFO  c.k.katalon.core.main.TestCaseExecutor   - END Test Cases/POS_Login
2025-08-03 19:40:23.383 INFO  c.k.katalon.core.main.TestCaseExecutor   - --------------------
2025-08-03 19:40:23.384 INFO  c.k.katalon.core.main.TestCaseExecutor   - START Test Cases/GET_Validate UserId
2025-08-03 19:40:23.454 DEBUG testcase.GET_Validate UserId             - 1: response = sendRequest(findTestObject("User/GET_Validate_UserId", ["UserId":"11361"]))
2025-08-03 19:40:24.198 INFO  c.k.k.core.webservice.common.HarLogger   - HAR: C:\Users\syfan\Katalon Studio\API Azure\Reports\20250803_194000\Login\20250803_194003\requests\main\GET_Validate_UserId_1.har
2025-08-03 19:40:24.212 DEBUG testcase.GET_Validate UserId             - 2: verifyResponseStatusCode(response, 200)
2025-08-03 19:40:24.231 INFO  c.k.katalon.core.main.TestCaseExecutor   - END Test Cases/GET_Validate UserId
2025-08-03 19:40:24.293 INFO  c.k.katalon.core.main.TestSuiteExecutor  - --------------------
2025-08-03 19:40:24.293 INFO  c.k.katalon.core.main.TestSuiteExecutor  - END Test Suites/Login
2025-08-03 19:40:24.293 INFO  c.k.katalon.core.main.TestSuiteExecutor  - ====================
