Warning: NLS unused message: QTEST in: com.kms.katalon.constants.globalMessages
Warning: NLS missing message: QTEST_NAME in: com.kms.katalon.constants.globalMessages
2025-08-03 19:40:27.884 INFO  c.k.katalon.core.main.TestSuiteExecutor  - START Test Suites/Books
2025-08-03 19:40:27.992 INFO  c.k.katalon.core.main.TestSuiteExecutor  - userFullName = Syfani Alya Fauziyyah
2025-08-03 19:40:27.996 INFO  c.k.katalon.core.main.TestSuiteExecutor  - projectName = API Azure
2025-08-03 19:40:27.998 INFO  c.k.katalon.core.main.TestSuiteExecutor  - hostName = syfan - Syfani_Alya
2025-08-03 19:40:27.999 INFO  c.k.katalon.core.main.TestSuiteExecutor  - os = Windows 11 64bit
2025-08-03 19:40:28.000 INFO  c.k.katalon.core.main.TestSuiteExecutor  - hostAddress = 192.168.83.217
2025-08-03 19:40:28.001 INFO  c.k.katalon.core.main.TestSuiteExecutor  - katalonVersion = 10.2.3.0
2025-08-03 19:40:28.547 INFO  c.k.katalon.core.main.TestCaseExecutor   - --------------------
2025-08-03 19:40:28.547 INFO  c.k.katalon.core.main.TestCaseExecutor   - START Test Cases/GET_Books
2025-08-03 19:40:28.988 DEBUG testcase.GET_Books                       - 1: response = sendRequest(findTestObject("Books/GET_Books"))
2025-08-03 19:40:30.645 INFO  c.k.k.core.webservice.common.HarLogger   - HAR: C:\Users\syfan\Katalon Studio\API Azure\Reports\20250803_194000\Books\20250803_194005\requests\main\GET_Books_0.har
2025-08-03 19:40:30.713 DEBUG testcase.GET_Books                       - 2: verifyResponseStatusCode(response, 200)
2025-08-03 19:40:30.733 DEBUG testcase.GET_Books                       - 3: sendRequestAndVerify(findTestObject("Books/GET_Category_List"))
2025-08-03 19:40:31.038 INFO  c.k.k.core.webservice.common.HarLogger   - HAR: C:\Users\syfan\Katalon Studio\API Azure\Reports\20250803_194000\Books\20250803_194005\requests\main\GET_Category_List_1.har
2025-08-03 19:40:31.137 INFO  c.k.k.core.main.WSVerificationExecutor   - --------------------
2025-08-03 19:40:31.137 INFO  c.k.k.core.main.WSVerificationExecutor   - START Verification
2025-08-03 19:40:31.505 DEBUG testcase.GET_Category_List               - 1: request = getInstance().getCurrentRequest()
2025-08-03 19:40:31.508 DEBUG testcase.GET_Category_List               - 2: response = getInstance().getCurrentResponse()
2025-08-03 19:40:31.511 DEBUG testcase.GET_Category_List               - 3: verifyResponseStatusCode(response, 200)
2025-08-03 19:40:31.519 DEBUG testcase.GET_Category_List               - 4: getStatusCode()).isEqualTo(200)
2025-08-03 19:40:31.694 INFO  c.k.k.core.main.WSVerificationExecutor   - END Verification
2025-08-03 19:40:31.767 DEBUG testcase.GET_Books                       - 4: responsBookId = sendRequest(findTestObject("Books/GET_Books_by_id"))
2025-08-03 19:40:32.079 INFO  c.k.k.core.webservice.common.HarLogger   - HAR: C:\Users\syfan\Katalon Studio\API Azure\Reports\20250803_194000\Books\20250803_194005\requests\main\GET_Books_by_id_2.har
2025-08-03 19:40:32.084 DEBUG testcase.GET_Books                       - 5: verifyResponseStatusCode(responsBookId, 200)
2025-08-03 19:40:32.089 INFO  c.k.katalon.core.main.TestCaseExecutor   - END Test Cases/GET_Books
2025-08-03 19:40:32.093 INFO  c.k.katalon.core.main.TestCaseExecutor   - --------------------
2025-08-03 19:40:32.093 INFO  c.k.katalon.core.main.TestCaseExecutor   - START Test Cases/GET_Similar Books
2025-08-03 19:40:32.161 DEBUG testcase.GET_Similar Books               - 1: response = sendRequest(findTestObject("Books/GET_Similar_Books", ["id":"6"]))
2025-08-03 19:40:32.489 INFO  c.k.k.core.webservice.common.HarLogger   - HAR: C:\Users\syfan\Katalon Studio\API Azure\Reports\20250803_194000\Books\20250803_194005\requests\main\GET_Similar_Books_3.har
2025-08-03 19:40:32.493 DEBUG testcase.GET_Similar Books               - 2: verifyResponseStatusCode(response, 200)
2025-08-03 19:40:32.498 INFO  c.k.katalon.core.main.TestCaseExecutor   - END Test Cases/GET_Similar Books
2025-08-03 19:40:32.574 INFO  c.k.katalon.core.main.TestSuiteExecutor  - --------------------
2025-08-03 19:40:32.574 INFO  c.k.katalon.core.main.TestSuiteExecutor  - END Test Suites/Books
2025-08-03 19:40:32.574 INFO  c.k.katalon.core.main.TestSuiteExecutor  - ====================
