Warning: NLS unused message: QTEST in: com.kms.katalon.constants.globalMessages
Warning: NLS missing message: QTEST_NAME in: com.kms.katalon.constants.globalMessages
2025-08-03 19:38:25.705 INFO  c.k.katalon.core.main.TestSuiteExecutor  - START Test Suites/Regist
2025-08-03 19:38:25.818 INFO  c.k.katalon.core.main.TestSuiteExecutor  - userFullName = Syfani Alya Fauziyyah
2025-08-03 19:38:25.820 INFO  c.k.katalon.core.main.TestSuiteExecutor  - projectName = API Azure
2025-08-03 19:38:25.821 INFO  c.k.katalon.core.main.TestSuiteExecutor  - hostName = syfan - Syfani_Alya
2025-08-03 19:38:25.821 INFO  c.k.katalon.core.main.TestSuiteExecutor  - os = Windows 11 64bit
2025-08-03 19:38:25.822 INFO  c.k.katalon.core.main.TestSuiteExecutor  - hostAddress = 192.168.83.217
2025-08-03 19:38:25.823 INFO  c.k.katalon.core.main.TestSuiteExecutor  - katalonVersion = 10.2.3.0
2025-08-03 19:38:26.376 INFO  c.k.katalon.core.main.TestCaseExecutor   - --------------------
2025-08-03 19:38:26.376 INFO  c.k.katalon.core.main.TestCaseExecutor   - START Test Cases/POS_User
2025-08-03 19:38:26.785 DEBUG testcase.POS_User                        - 1: response = sendRequest(findTestObject("User/POST_User"))
2025-08-03 19:38:28.452 INFO  c.k.k.core.webservice.common.HarLogger   - HAR: C:\Users\syfan\Katalon Studio\API Azure\Reports\20250803_193822\Regist\20250803_193822\requests\main\POST_User_0.har
2025-08-03 19:38:28.564 DEBUG testcase.POS_User                        - 2: verifyResponseStatusCode(response, 200)
2025-08-03 19:38:28.605 INFO  c.k.katalon.core.main.TestCaseExecutor   - END Test Cases/POS_User
2025-08-03 19:38:28.616 INFO  c.k.katalon.core.main.TestCaseExecutor   - --------------------
2025-08-03 19:38:28.617 INFO  c.k.katalon.core.main.TestCaseExecutor   - START Test Cases/GET_Validate Username
2025-08-03 19:38:28.704 DEBUG testcase.GET_Validate Username           - 1: response = sendRequest(findTestObject("User/GET_Validate_Username", ["username":"userbarulagi001"]))
2025-08-03 19:38:29.092 INFO  c.k.k.core.webservice.common.HarLogger   - HAR: C:\Users\syfan\Katalon Studio\API Azure\Reports\20250803_193822\Regist\20250803_193822\requests\main\GET_Valid...sername_1.har
2025-08-03 19:38:29.097 DEBUG testcase.GET_Validate Username           - 2: verifyResponseStatusCode(response, 200)
2025-08-03 19:38:29.100 INFO  c.k.katalon.core.main.TestCaseExecutor   - END Test Cases/GET_Validate Username
2025-08-03 19:38:29.167 INFO  c.k.katalon.core.main.TestSuiteExecutor  - --------------------
2025-08-03 19:38:29.167 INFO  c.k.katalon.core.main.TestSuiteExecutor  - END Test Suites/Regist
2025-08-03 19:38:29.167 INFO  c.k.katalon.core.main.TestSuiteExecutor  - ====================
